<?xml version="1.0" encoding="UTF-8"?>
<!-- Generated by org.testng.reporters.JUnitReportReporter -->
<testsuite hostname="LAPTOP-N2JA4NOG" failures="0" tests="1" name="Form" time="12.703" errors="0" timestamp="2021-10-15T14:01:13 GMT+08:00" skipped="0">
  <testcase classname="Form" name="testOne" time="12.703"/>
  <system-out/>
</testsuite> <!-- Form -->
