<?xml version="1.0" encoding="UTF-8"?>
<!-- Generated by org.testng.reporters.JUnitReportReporter -->
<testsuite hostname="LAPTOP-N2JA4NOG" failures="0" tests="1" name="Form" time="12.494" errors="0" timestamp="2021-10-18T19:21:10 GMT+08:00" skipped="0">
  <testcase classname="Form" name="testOne" time="12.494"/>
  <system-out>
    <![CDATA[Test data loaded.
All data entered.
The form submitted.
Confirmation page shown up.
Confirmation page screenshot created.]]>
  </system-out>
</testsuite> <!-- Form -->
