<?xml version="1.0" encoding="UTF-8"?>
<!-- Generated by org.testng.reporters.JUnitReportReporter -->
<testsuite skipped="0" hostname="LAPTOP-N2JA4NOG" name="TestCases" tests="1" failures="0" timestamp="2021-10-12T19:00:37 GMT+08:00" time="0.019" errors="0">
  <testcase name="Test1" time="0.019" classname="TestCases"/>
  <system-out/>
</testsuite> <!-- TestCases -->
