<?xml version="1.0" encoding="UTF-8"?>
<!-- Generated by org.testng.reporters.JUnitReportReporter -->
<testsuite hostname="LAPTOP-N2JA4NOG" failures="0" tests="2" name="TestClass4" time="0.000" errors="0" timestamp="2021-10-27T14:10:36 GMT+08:00" skipped="0">
  <testcase classname="TestClass4" name="TestClass4_Test2" time="0.000"/>
  <system-out/>
  <testcase classname="TestClass4" name="TestClass4_Test1" time="0.000"/>
  <system-out/>
</testsuite> <!-- TestClass4 -->
