<?xml version="1.0" encoding="UTF-8"?>
<!-- Generated by org.testng.reporters.JUnitReportReporter -->
<testsuite hostname="LAPTOP-N2JA4NOG" failures="0" tests="1" name="TestClass2" time="0.006" errors="0" timestamp="2021-10-26T19:06:46 GMT+08:00" skipped="0">
  <testcase classname="TestClass2" name="TestClass2_Test1" time="0.006"/>
  <system-out/>
</testsuite> <!-- TestClass2 -->
