<?xml version="1.0" encoding="UTF-8"?>
<!-- Generated by org.testng.reporters.JUnitReportReporter -->
<testsuite hostname="LAPTOP-N2JA4NOG" failures="0" tests="1" name="TestClass3" time="0.001" errors="0" timestamp="2021-11-22T20:18:35 GMT+08:00" skipped="0">
  <testcase classname="TestClass3" name="TestClass3_Test1" time="0.001"/>
  <system-out/>
</testsuite> <!-- TestClass3 -->
