<?xml version="1.0" encoding="UTF-8"?>
<!-- Generated by org.testng.reporters.JUnitReportReporter -->
<testsuite hostname="LAPTOP-N2JA4NOG" failures="0" tests="2" name="Form" time="8.906" errors="0" timestamp="2021-10-12T20:34:55 GMT+08:00" skipped="0">
  <testcase classname="Form" name="testOne" time="8.905"/>
  <system-out/>
  <testcase classname="Form" name="testTwo" time="0.001"/>
  <system-out/>
</testsuite> <!-- Form -->
